2026-06-19 19:01:21 INFO  (LoggingInitialization) Using log config file: jar:file:/home/jzatopa/.openclaw/workspace/tools/ghidra/ghidra_12.1.2_PUBLIC/Ghidra/Framework/Generic/lib/Generic.jar!/generic.log4j.xml  
2026-06-19 19:01:21 INFO  (LoggingInitialization) Using log file: /home/jzatopa/Documents/jameszatopaworkspace/matrix-cubed-re/generated/ghidra/ghidra_summary.log  
2026-06-19 19:01:21 DEBUG (GhidraObjectInputFilter) Including serial input filter: FileSystem/data/client.rmi.serial.filter  
2026-06-19 19:01:21 INFO  (Preferences) Loading user preferences: /home/jzatopa/.config/ghidra/ghidra_12.1.2_PUBLIC/preferences  
2026-06-19 19:01:21 INFO  (ClassSearcher) Searching for classes...  
2026-06-19 19:01:22 INFO  (ClassSearcher) Class search complete (1141 ms)  
2026-06-19 19:01:22 INFO  (DefaultSSLContextInitializer) Initializing SSL Context  
2026-06-19 19:01:22 INFO  (SecureRandomFactory) Initializing Random Number Generator...  
2026-06-19 19:01:22 INFO  (SecureRandomFactory) Random Number Generator initialization complete: NativePRNGNonBlocking  
2026-06-19 19:01:22 INFO  (DefaultTrustManagerFactory) Trust manager disabled, cacerts have not been set  
2026-06-19 19:01:23 INFO  (AnalyzeHeadless) Headless startup complete (2208 ms)  
2026-06-19 19:01:23 INFO  (ClassSearcher) Class searcher loaded 59 extension points (20 false positives)  
2026-06-19 19:01:23 INFO  (HeadlessAnalyzer) HEADLESS Script Paths:
    /home/jzatopa/.openclaw/workspace/tools/ghidra/ghidra_12.1.2_PUBLIC/Ghidra/Features/GnuDemangler/ghidra_scripts
    /home/jzatopa/.openclaw/workspace/tools/ghidra/ghidra_12.1.2_PUBLIC/Ghidra/Features/WildcardAssembler/ghidra_scripts
    /home/jzatopa/.openclaw/workspace/tools/ghidra/ghidra_12.1.2_PUBLIC/Ghidra/Features/Decompiler/ghidra_scripts
    /home/jzatopa/.openclaw/workspace/tools/ghidra/ghidra_12.1.2_PUBLIC/Ghidra/Features/BytePatterns/ghidra_scripts
    /home/jzatopa/.openclaw/workspace/tools/ghidra/ghidra_12.1.2_PUBLIC/Ghidra/Features/PDB/ghidra_scripts
    /home/jzatopa/.openclaw/workspace/tools/ghidra/ghidra_12.1.2_PUBLIC/Ghidra/Features/VersionTracking/ghidra_scripts
    /home/jzatopa/.openclaw/workspace/tools/ghidra/ghidra_12.1.2_PUBLIC/Ghidra/Processors/DATA/ghidra_scripts
    /home/jzatopa/.openclaw/workspace/tools/ghidra/ghidra_12.1.2_PUBLIC/Ghidra/Features/FileFormats/ghidra_scripts
    /home/jzatopa/.openclaw/workspace/tools/ghidra/ghidra_12.1.2_PUBLIC/Ghidra/Features/FunctionID/ghidra_scripts
    /home/jzatopa/.openclaw/workspace/tools/ghidra/ghidra_12.1.2_PUBLIC/Ghidra/Processors/Atmel/ghidra_scripts
    /home/jzatopa/.openclaw/workspace/tools/ghidra/ghidra_12.1.2_PUBLIC/Ghidra/Features/PyGhidra/ghidra_scripts
    /home/jzatopa/.openclaw/workspace/tools/ghidra/ghidra_12.1.2_PUBLIC/Ghidra/Features/SystemEmulation/ghidra_scripts
    /home/jzatopa/.openclaw/workspace/tools/ghidra/ghidra_12.1.2_PUBLIC/Ghidra/Features/BSim/ghidra_scripts
    /home/jzatopa/.openclaw/workspace/tools/ghidra/ghidra_12.1.2_PUBLIC/Ghidra/Processors/JVM/ghidra_scripts
    /home/jzatopa/.openclaw/workspace/tools/ghidra/ghidra_12.1.2_PUBLIC/Ghidra/Features/DecompilerDependent/ghidra_scripts
    /home/jzatopa/.openclaw/workspace/tools/ghidra/ghidra_12.1.2_PUBLIC/Ghidra/Features/SwiftDemangler/ghidra_scripts
    /home/jzatopa/.openclaw/workspace/tools/ghidra/ghidra_12.1.2_PUBLIC/Ghidra/Features/MicrosoftCodeAnalyzer/ghidra_scripts
    /home/jzatopa/.openclaw/workspace/tools/ghidra/ghidra_12.1.2_PUBLIC/Ghidra/Debug/Debugger-rmi-trace/ghidra_scripts
    /home/jzatopa/.openclaw/workspace/tools/ghidra/ghidra_12.1.2_PUBLIC/Ghidra/Debug/Debugger/ghidra_scripts
    /home/jzatopa/.openclaw/workspace/tools/ghidra/ghidra_12.1.2_PUBLIC/Ghidra/Processors/PIC/ghidra_scripts
    /home/jzatopa/.openclaw/workspace/matrix-cubed-re/scripts/ghidra
    /home/jzatopa/.openclaw/workspace/tools/ghidra/ghidra_12.1.2_PUBLIC/Ghidra/Features/Base/ghidra_scripts
    /home/jzatopa/.openclaw/workspace/tools/ghidra/ghidra_12.1.2_PUBLIC/Ghidra/Processors/8051/ghidra_scripts  
2026-06-19 19:01:23 INFO  (HeadlessAnalyzer) HEADLESS: execution starts  
2026-06-19 19:01:23 INFO  (HeadlessAnalyzer) Opening existing project: /home/jzatopa/Documents/jameszatopaworkspace/matrix-cubed-re/ghidra-project/MatrixCubed  
2026-06-19 19:01:23 INFO  (HeadlessProject) Opening project: /home/jzatopa/Documents/jameszatopaworkspace/matrix-cubed-re/ghidra-project/MatrixCubed  
2026-06-19 19:01:24 INFO  (HeadlessAnalyzer) REPORT: Processing project file: /START.EXE  
2026-06-19 19:01:24 INFO  (HeadlessAnalyzer) REPORT: Execute script: DumpProgramSummary.java '/home/jzatopa/Documents/jameszatopaworkspace/matrix-cubed-re/generated/ghidra/start_exe_summary.md'   
2026-06-19 19:01:25 INFO  (HeadlessAnalyzer) SCRIPT: /home/jzatopa/.openclaw/workspace/matrix-cubed-re/scripts/ghidra/DumpProgramSummary.java  
2026-06-19 19:01:25 INFO  (GhidraScript) DumpProgramSummary.java> Wrote /home/jzatopa/Documents/jameszatopaworkspace/matrix-cubed-re/generated/ghidra/start_exe_summary.md  
2026-06-19 19:01:25 INFO  (HeadlessAnalyzer) REPORT: Save succeeded for processed file: /START.EXE  
