2026-06-19 19:00:14 INFO  (LoggingInitialization) Using log config file: jar:file:/home/jzatopa/.openclaw/workspace/tools/ghidra/ghidra_12.1.2_PUBLIC/Ghidra/Framework/Generic/lib/Generic.jar!/generic.log4j.xml  
2026-06-19 19:00:14 INFO  (LoggingInitialization) Using log file: /home/jzatopa/Documents/jameszatopaworkspace/matrix-cubed-re/generated/ghidra/ghidra_import.log  
2026-06-19 19:00:14 DEBUG (GhidraObjectInputFilter) Including serial input filter: FileSystem/data/client.rmi.serial.filter  
2026-06-19 19:00:14 INFO  (Preferences) Loading user preferences: /home/jzatopa/.config/ghidra/ghidra_12.1.2_PUBLIC/preferences  
2026-06-19 19:00:14 INFO  (ClassSearcher) Searching for classes...  
2026-06-19 19:00:15 INFO  (ClassSearcher) Class search complete (1130 ms)  
2026-06-19 19:00:16 INFO  (DefaultSSLContextInitializer) Initializing SSL Context  
2026-06-19 19:00:16 INFO  (SecureRandomFactory) Initializing Random Number Generator...  
2026-06-19 19:00:16 INFO  (SecureRandomFactory) Random Number Generator initialization complete: NativePRNGNonBlocking  
2026-06-19 19:00:16 INFO  (DefaultTrustManagerFactory) Trust manager disabled, cacerts have not been set  
2026-06-19 19:00:16 INFO  (AnalyzeHeadless) Headless startup complete (2151 ms)  
2026-06-19 19:00:16 INFO  (ClassSearcher) Class searcher loaded 59 extension points (20 false positives)  
2026-06-19 19:00:16 INFO  (HeadlessAnalyzer) HEADLESS Script Paths:
    /home/jzatopa/.openclaw/workspace/tools/ghidra/ghidra_12.1.2_PUBLIC/Ghidra/Features/GnuDemangler/ghidra_scripts
    /home/jzatopa/.openclaw/workspace/tools/ghidra/ghidra_12.1.2_PUBLIC/Ghidra/Features/WildcardAssembler/ghidra_scripts
    /home/jzatopa/.openclaw/workspace/tools/ghidra/ghidra_12.1.2_PUBLIC/Ghidra/Features/Decompiler/ghidra_scripts
    /home/jzatopa/.openclaw/workspace/tools/ghidra/ghidra_12.1.2_PUBLIC/Ghidra/Features/BytePatterns/ghidra_scripts
    /home/jzatopa/.openclaw/workspace/tools/ghidra/ghidra_12.1.2_PUBLIC/Ghidra/Features/PDB/ghidra_scripts
    /home/jzatopa/.openclaw/workspace/tools/ghidra/ghidra_12.1.2_PUBLIC/Ghidra/Features/VersionTracking/ghidra_scripts
    /home/jzatopa/.openclaw/workspace/tools/ghidra/ghidra_12.1.2_PUBLIC/Ghidra/Processors/DATA/ghidra_scripts
    /home/jzatopa/.openclaw/workspace/tools/ghidra/ghidra_12.1.2_PUBLIC/Ghidra/Features/FileFormats/ghidra_scripts
    /home/jzatopa/.openclaw/workspace/tools/ghidra/ghidra_12.1.2_PUBLIC/Ghidra/Features/FunctionID/ghidra_scripts
    /home/jzatopa/.openclaw/workspace/tools/ghidra/ghidra_12.1.2_PUBLIC/Ghidra/Processors/Atmel/ghidra_scripts
    /home/jzatopa/.openclaw/workspace/tools/ghidra/ghidra_12.1.2_PUBLIC/Ghidra/Features/PyGhidra/ghidra_scripts
    /home/jzatopa/.openclaw/workspace/tools/ghidra/ghidra_12.1.2_PUBLIC/Ghidra/Features/SystemEmulation/ghidra_scripts
    /home/jzatopa/.openclaw/workspace/tools/ghidra/ghidra_12.1.2_PUBLIC/Ghidra/Features/BSim/ghidra_scripts
    /home/jzatopa/.openclaw/workspace/tools/ghidra/ghidra_12.1.2_PUBLIC/Ghidra/Processors/JVM/ghidra_scripts
    /home/jzatopa/.openclaw/workspace/tools/ghidra/ghidra_12.1.2_PUBLIC/Ghidra/Features/DecompilerDependent/ghidra_scripts
    /home/jzatopa/.openclaw/workspace/tools/ghidra/ghidra_12.1.2_PUBLIC/Ghidra/Features/SwiftDemangler/ghidra_scripts
    /home/jzatopa/.openclaw/workspace/tools/ghidra/ghidra_12.1.2_PUBLIC/Ghidra/Features/MicrosoftCodeAnalyzer/ghidra_scripts
    /home/jzatopa/.openclaw/workspace/tools/ghidra/ghidra_12.1.2_PUBLIC/Ghidra/Debug/Debugger-rmi-trace/ghidra_scripts
    /home/jzatopa/.openclaw/workspace/tools/ghidra/ghidra_12.1.2_PUBLIC/Ghidra/Debug/Debugger/ghidra_scripts
    /home/jzatopa/.openclaw/workspace/tools/ghidra/ghidra_12.1.2_PUBLIC/Ghidra/Processors/PIC/ghidra_scripts
    /home/jzatopa/.openclaw/workspace/tools/ghidra/ghidra_12.1.2_PUBLIC/Ghidra/Features/Base/ghidra_scripts
    /home/jzatopa/.openclaw/workspace/tools/ghidra/ghidra_12.1.2_PUBLIC/Ghidra/Processors/8051/ghidra_scripts  
2026-06-19 19:00:16 INFO  (HeadlessAnalyzer) HEADLESS: execution starts  
2026-06-19 19:00:16 INFO  (HeadlessAnalyzer) Creating project: /home/jzatopa/Documents/jameszatopaworkspace/matrix-cubed-re/ghidra-project/MatrixCubed  
2026-06-19 19:00:16 DEBUG (DefaultProjectManager) No tools found; Installing default tools  
2026-06-19 19:00:16 DEBUG (DefaultProjectManager) 	no recent project directories found  
2026-06-19 19:00:16 INFO  (DefaultProject) Creating project: /home/jzatopa/Documents/jameszatopaworkspace/matrix-cubed-re/ghidra-project/MatrixCubed  
2026-06-19 19:00:16 INFO  (HeadlessAnalyzer) REPORT: Processing input files:   
2026-06-19 19:00:16 INFO  (HeadlessAnalyzer)      project: /home/jzatopa/Documents/jameszatopaworkspace/matrix-cubed-re/ghidra-project/MatrixCubed  
2026-06-19 19:00:16 INFO  (HeadlessAnalyzer) IMPORTING: file:///home/jzatopa/Downloads/Buck Rogers Matrix Cubed - Source/MATRIX/START.EXE  
2026-06-19 19:00:17 DEBUG (PortableExecutable) Expected InvalidNTHeaderException, ignoring  
2026-06-19 19:00:17 INFO  (ProgramLoader) Using Loader: Old-style DOS Executable (MZ)  
2026-06-19 19:00:17 INFO  (ProgramLoader) Using Language/Compiler: x86:LE:16:Real Mode:default  
2026-06-19 19:00:17 INFO  (ProgramLoader) Using Library Search Path: [., /bin, /lib, /lib64, /lib/x86_64-linux-gnu, /lib/aarch64-linux-gnu, /usr/bin, /usr/lib, /usr/X11R6/bin, /usr/X11R6/lib, /usr/java/packages/lib, /usr/lib/x86_64-linux-gnu/jni, /usr/lib/x86_64-linux-gnu, /usr/lib/jni]  
2026-06-19 19:00:18 INFO  (ProgramLoader) Additional info:
Loading file:///home/jzatopa/Downloads/Buck Rogers Matrix Cubed - Source/MATRIX/START.EXE?MD5=96af2a91adc86972717ac7ca233ae5b9...
------------------------------------------------

  
2026-06-19 19:00:18 INFO  (HeadlessAnalyzer) IMPORTING: Loaded 0 additional files  
2026-06-19 19:00:18 INFO  (HeadlessAnalyzer) ANALYZING all memory and code: file:///home/jzatopa/Downloads/Buck Rogers Matrix Cubed - Source/MATRIX/START.EXE  
2026-06-19 19:00:20 DEBUG (FidAnalyzer) No FID Libraries apply for language x86:LE:16:Real Mode  
2026-06-19 19:00:20 INFO  (PackedDatabaseCache) Packed database cache: /var/tmp/jzatopa-ghidra/packed-db-cache  
2026-06-19 19:00:20 DEBUG (PackedDatabaseCache) Caching packed database: /home/jzatopa/.openclaw/workspace/tools/ghidra/ghidra_12.1.2_PUBLIC/Ghidra/Features/Base/data/typeinfo/generic/generic_clib.gdt  
2026-06-19 19:00:20 DEBUG (PackedDatabase) Unpacking database /home/jzatopa/.openclaw/workspace/tools/ghidra/ghidra_12.1.2_PUBLIC/Ghidra/Features/Base/data/typeinfo/generic/generic_clib.gdt -> /var/tmp/jzatopa-ghidra/packed-db-cache/pdb51DE7D36/db.1.gbf  
2026-06-19 19:00:20 DEBUG (PackedDatabaseCache) Cache update completed: /home/jzatopa/.openclaw/workspace/tools/ghidra/ghidra_12.1.2_PUBLIC/Ghidra/Features/Base/data/typeinfo/generic/generic_clib.gdt  
2026-06-19 19:00:20 INFO  (ApplyDataArchiveAnalyzer) Applied data type archive: generic_clib  
2026-06-19 19:00:21 INFO  (AutoAnalysisManager) -----------------------------------------------------
    ASCII Strings                              0.294 secs
    Apply Data Archives                        0.566 secs
    Call Convention ID                         0.003 secs
    Call-Fixup Installer                       0.005 secs
    Create Function                            0.128 secs
    Data Reference                             0.006 secs
    Decompiler Switch Analysis                 0.015 secs
    Demangler GNU                              0.019 secs
    Disassemble                                0.643 secs
    Disassemble Entry Points                   0.032 secs
    Embedded Media                             0.013 secs
    External Entry References                  0.000 secs
    Function ID                                0.019 secs
    Function Start Search                      0.036 secs
    Non-Returning Functions - Discovered       0.071 secs
    Reference                                  0.009 secs
    Segmented X86 Calling Conventions          0.001 secs
    Shared Return Calls                        0.047 secs
    Stack                                      0.881 secs
    Subroutine References                      0.023 secs
    X86 Function Callee Purge                  0.052 secs
    x86 Constant Reference Analyzer            0.549 secs
-----------------------------------------------------
     Total Time   3 secs
-----------------------------------------------------
  
2026-06-19 19:00:21 INFO  (HeadlessAnalyzer) REPORT: Analysis succeeded for file: file:///home/jzatopa/Downloads/Buck Rogers Matrix Cubed - Source/MATRIX/START.EXE  
2026-06-19 19:00:21 INFO  (LocalFileSystem) /START.EXE: file created (jzatopa)  
2026-06-19 19:00:21 INFO  (HeadlessAnalyzer) REPORT: Save succeeded for: /START.EXE (MatrixCubed:/START.EXE)  
2026-06-19 19:00:21 INFO  (HeadlessAnalyzer) REPORT: Import succeeded  
